Using pre-set license
Built from '2020.3/staging' branch; Version is '2020.3.13f1 (71691879b7f5) revision 7432472'; Using compiler version '192528614'; Build Type 'Release'
OS: 'Windows 10 Home; OS build 19043.1348; Version 2009; 64bit' Language: 'en' Physical Memory: 7828 MB
BatchMode: 1, IsHumanControllingUs: 0, StartBugReporterOnCrash: 0, Is64bit: 1, IsPro: 0

 COMMAND LINE ARGUMENTS:
C:\Program Files\Unity\Hub\Editor\2020.3.13f1\Editor\Unity.exe
-adb2
-batchMode
-noUpm
-name
AssetImportWorker17
-projectPath
C:/Users/tdurb/Projects/USC/CSCI580/CSCI580_Project
-logFile
Logs/AssetImportWorker17.log
-srvPort
64936
Successfully changed project path to: C:/Users/tdurb/Projects/USC/CSCI580/CSCI580_Project
C:/Users/tdurb/Projects/USC/CSCI580/CSCI580_Project
Using Asset Import Pipeline V2.
Refreshing native plugins compatible for Editor in 44.39 ms, found 2 plugins.
Preloading 0 native plugins for Editor in 0.00 ms.
Initialize engine version: 2020.3.13f1 (71691879b7f5)
[Subsystems] Discovering subsystems at path C:/Program Files/Unity/Hub/Editor/2020.3.13f1/Editor/Data/Resources/UnitySubsystems
[Subsystems] Discovering subsystems at path C:/Users/tdurb/Projects/USC/CSCI580/CSCI580_Project/Assets
GfxDevice: creating device client; threaded=0
Direct3D:
    Version:  Direct3D 11.0 [level 11.1]
    Renderer: AMD Radeon(TM) Vega 8 Graphics (ID=0x15dd)
    Vendor:   
    VRAM:     3914 MB
    Driver:   30.0.13017.1004
Initialize mono
Mono path[0] = 'C:/Program Files/Unity/Hub/Editor/2020.3.13f1/Editor/Data/Managed'
Mono path[1] = 'C:/Program Files/Unity/Hub/Editor/2020.3.13f1/Editor/Data/MonoBleedingEdge/lib/mono/unityjit'
Mono config path = 'C:/Program Files/Unity/Hub/Editor/2020.3.13f1/Editor/Data/MonoBleedingEdge/etc'
Using monoOptions --debugger-agent=transport=dt_socket,embedding=1,server=y,suspend=n,address=127.0.0.1:56484
Begin MonoManager ReloadAssembly
Registering precompiled unity dll's ...
Register platform support module: C:/Program Files/Unity/Hub/Editor/2020.3.13f1/Editor/Data/PlaybackEngines/WindowsStandaloneSupport/UnityEditor.WindowsStandalone.Extensions.dll
Registered in 0.004425 seconds.
Native extension for WindowsStandalone target not found
Refreshing native plugins compatible for Editor in 34.03 ms, found 2 plugins.
Preloading 0 native plugins for Editor in 0.00 ms.
Mono: successfully reloaded assembly
- Completed reload, in  1.919 seconds
Platform modules already initialized, skipping
Registering precompiled user dll's ...
Registered in 0.007476 seconds.
Begin MonoManager ReloadAssembly
Native extension for WindowsStandalone target not found
Refreshing native plugins compatible for Editor in 0.56 ms, found 2 plugins.
Preloading 0 native plugins for Editor in 0.00 ms.
Mono: successfully reloaded assembly
- Completed reload, in  1.543 seconds
Platform modules already initialized, skipping
========================================================================
Worker process is ready to serve import requests
Launched and connected shader compiler UnityShaderCompiler.exe after 0.37 seconds
Refreshing native plugins compatible for Editor in 0.47 ms, found 2 plugins.
Preloading 0 native plugins for Editor in 0.00 ms.
Unloading 1395 Unused Serialized files (Serialized files now loaded: 0)
System memory in use before: 65.0 MB.
System memory in use after: 65.1 MB.

Unloading 18 unused Assets to reduce memory usage. Loaded Objects now: 1830.
Total: 2.682000 ms (FindLiveObjects: 0.238200 ms CreateObjectMapping: 0.049200 ms MarkObjects: 2.297900 ms  DeleteObjects: 0.094800 ms)

AssetImportParameters requested are different than current active one (requested -> active):
  custom:framework-win-MediaFoundation: 216162199b28c13a410421893ffa2e32 -> 
  custom:video-decoder-ogg-theora: a1e56fd34408186e4bbccfd4996cb3dc -> 
  custom:container-muxer-webm: aa71ff27fc2769a1b78a27578f13a17b -> 
  custom:container-demuxer-webm: 4f35f7cbe854078d1ac9338744f61a02 -> 
  custom:container-demuxer-ogg: 62fdf1f143b41e24485cea50d1cbac27 -> 
  custom:video-encoder-webm-vp8: eb34c28f22e8b96e1ab97ce403110664 -> 
  custom:video-decoder-webm-vp8: 9c59270c3fd7afecdb556c50c9e8de78 -> 
  custom:audio-decoder-ogg-vorbis: bf7c407c2cedff20999df2af8eb42d56 -> 
  custom:audio-encoder-webm-vorbis: bf7c407c2cedff20999df2af8eb42d56 -> 
========================================================================
Received Import Request.
  path: Assets/Custom RP/Shaders
  artifactKey: Guid(5a21468be3f31644f8dcd49d6b575800) Importer(815301076,1909f56bfc062723c751e8b465ee728b)
Start importing Assets/Custom RP/Shaders using Guid(5a21468be3f31644f8dcd49d6b575800) Importer(815301076,1909f56bfc062723c751e8b465ee728b)  -> (artifact id: 'd479ac835b3982a724bff56a129b7894') in 0.010962 seconds 
  Import took 0.014281 seconds .

========================================================================
Received Import Request.
  Time since last request: 43.849939 seconds.
  path: Assets/Custom RP/Shaders/Unlit.shader
  artifactKey: Guid(19c3e6c624c964c44a4f6fa75202fe4a) Importer(815301076,1909f56bfc062723c751e8b465ee728b)
Start importing Assets/Custom RP/Shaders/Unlit.shader using Guid(19c3e6c624c964c44a4f6fa75202fe4a) Importer(815301076,1909f56bfc062723c751e8b465ee728b)  -> (artifact id: '357f51b64e68738794697a118a76bf25') in 0.078636 seconds 
  Import took 0.081892 seconds .

========================================================================
Received Import Request.
  Time since last request: 5.334847 seconds.
  path: Assets/Custom RP/Shaders/Unlit.shader
  artifactKey: Guid(19c3e6c624c964c44a4f6fa75202fe4a) Importer(815301076,1909f56bfc062723c751e8b465ee728b)
Start importing Assets/Custom RP/Shaders/Unlit.shader using Guid(19c3e6c624c964c44a4f6fa75202fe4a) Importer(815301076,1909f56bfc062723c751e8b465ee728b)  -> (artifact id: '357f51b64e68738794697a118a76bf25') in 0.010502 seconds 
  Import took 0.014478 seconds .

========================================================================
Received Import Request.
  Time since last request: 48.304826 seconds.
  path: Assets/Custom RP/Shaders/Unlit.shader
  artifactKey: Guid(19c3e6c624c964c44a4f6fa75202fe4a) Importer(815301076,1909f56bfc062723c751e8b465ee728b)
Start importing Assets/Custom RP/Shaders/Unlit.shader using Guid(19c3e6c624c964c44a4f6fa75202fe4a) Importer(815301076,1909f56bfc062723c751e8b465ee728b)  -> (artifact id: '5ee20746d5a5a9501777adb90c412071') in 0.010787 seconds 
  Import took 0.015272 seconds .

========================================================================
Received Import Request.
  Time since last request: 0.006000 seconds.
  path: Assets/Custom RP/Shaders/Unlit.shader
  artifactKey: Guid(19c3e6c624c964c44a4f6fa75202fe4a) Importer(815301076,1909f56bfc062723c751e8b465ee728b)
Start importing Assets/Custom RP/Shaders/Unlit.shader using Guid(19c3e6c624c964c44a4f6fa75202fe4a) Importer(815301076,1909f56bfc062723c751e8b465ee728b)  -> (artifact id: '5ee20746d5a5a9501777adb90c412071') in 0.011765 seconds 
  Import took 0.016022 seconds .

========================================================================
Received Import Request.
  Time since last request: 97.953765 seconds.
  path: Assets/Custom RP/UmlitMaterial.mat
  artifactKey: Guid(df54bb52d4b513b44801b7585c75ea92) Importer(815301076,1909f56bfc062723c751e8b465ee728b)
Start importing Assets/Custom RP/UmlitMaterial.mat using Guid(df54bb52d4b513b44801b7585c75ea92) Importer(815301076,1909f56bfc062723c751e8b465ee728b) You are trying to create a MonoBehaviour using the 'new' keyword.  This is not allowed.  MonoBehaviours can only be added using AddComponent(). Alternatively, your script can inherit from ScriptableObject or no base class at all
UnityEngine.StackTraceUtility:ExtractStackTrace ()
UnityEngine.MonoBehaviour:.ctor ()
CameraRenderer:.ctor () (at Assets/Custom RP/Runtime/CameraRenderer.cs:11)
CustomRenderPipeline:.ctor () (at Assets/Custom RP/Runtime/CustomRenderPipeline.cs:8)
CustomRenderPiplelineAsset:CreatePipeline () (at Assets/Custom RP/Runtime/CustomRenderPiplelineAsset.cs:12)
UnityEngine.Rendering.RenderPipelineAsset:InternalCreatePipeline ()
UnityEngine.Rendering.RenderPipelineManager:PrepareRenderPipeline (UnityEngine.Rendering.RenderPipelineAsset)
UnityEngine.Rendering.RenderPipelineManager:DoRenderLoop_Internal (UnityEngine.Rendering.RenderPipelineAsset,intptr,System.Collections.Generic.List`1<UnityEngine.Camera/RenderRequest>,Unity.Collections.LowLevel.Unsafe.AtomicSafetyHandle)
UnityEditor.PreviewRenderUtility:Render (bool,bool)
UnityEditor.MaterialEditor:DoRenderPreview (UnityEditor.PreviewRenderUtility,bool)
UnityEditor.MaterialEditor:RenderStaticPreview (string,UnityEngine.Object[],int,int)
UnityEditor.AssetPreviewUpdater:CreatePreviewForAsset (UnityEngine.Object,UnityEngine.Object[],string)

[Assets/Custom RP/Runtime/CameraRenderer.cs line 11]

 -> (artifact id: '0d0b49414709a8d9e1942151fc4b041c') in 0.426858 seconds 
  Import took 0.430334 seconds .

========================================================================
Received Import Request.
  Time since last request: 22.336645 seconds.
  path: Assets/Custom RP/UnlitMaterial.mat
  artifactKey: Guid(df54bb52d4b513b44801b7585c75ea92) Importer(815301076,1909f56bfc062723c751e8b465ee728b)
Start importing Assets/Custom RP/UnlitMaterial.mat using Guid(df54bb52d4b513b44801b7585c75ea92) Importer(815301076,1909f56bfc062723c751e8b465ee728b)  -> (artifact id: '1c0f62d345bb8e977657d07ac2126ec4') in 0.025675 seconds 
  Import took 0.029427 seconds .

========================================================================
Received Import Request.
  Time since last request: 174.775800 seconds.
  path: Assets/Custom RP/Shaders/Unlit.shader
  artifactKey: Guid(19c3e6c624c964c44a4f6fa75202fe4a) Importer(815301076,1909f56bfc062723c751e8b465ee728b)
Start importing Assets/Custom RP/Shaders/Unlit.shader using Guid(19c3e6c624c964c44a4f6fa75202fe4a) Importer(815301076,1909f56bfc062723c751e8b465ee728b)  -> (artifact id: '5192cd13035b2437aecee2153a99902d') in 0.008887 seconds 
  Import took 0.012429 seconds .

========================================================================
Received Import Request.
  Time since last request: 0.035985 seconds.
  path: Assets/Custom RP/Shaders/Unlit.shader
  artifactKey: Guid(19c3e6c624c964c44a4f6fa75202fe4a) Importer(815301076,1909f56bfc062723c751e8b465ee728b)
Start importing Assets/Custom RP/Shaders/Unlit.shader using Guid(19c3e6c624c964c44a4f6fa75202fe4a) Importer(815301076,1909f56bfc062723c751e8b465ee728b)  -> (artifact id: '5192cd13035b2437aecee2153a99902d') in 0.013330 seconds 
  Import took 0.017329 seconds .

========================================================================
Received Prepare
Registering precompiled user dll's ...
Registered in 0.010157 seconds.
Begin MonoManager ReloadAssembly
Native extension for WindowsStandalone target not found
Refreshing native plugins compatible for Editor in 0.56 ms, found 2 plugins.
Preloading 0 native plugins for Editor in 0.00 ms.
Mono: successfully reloaded assembly
- Completed reload, in  1.526 seconds
Platform modules already initialized, skipping
Refreshing native plugins compatible for Editor in 0.47 ms, found 2 plugins.
Preloading 0 native plugins for Editor in 0.00 ms.
Unloading 1390 Unused Serialized files (Serialized files now loaded: 0)
System memory in use before: 68.6 MB.
System memory in use after: 68.7 MB.

Unloading 13 unused Assets to reduce memory usage. Loaded Objects now: 1877.
Total: 3.486900 ms (FindLiveObjects: 0.286700 ms CreateObjectMapping: 0.081000 ms MarkObjects: 3.087600 ms  DeleteObjects: 0.029600 ms)

AssetImportParameters requested are different than current active one (requested -> active):
  custom:framework-win-MediaFoundation: 216162199b28c13a410421893ffa2e32 -> 
  custom:video-decoder-ogg-theora: a1e56fd34408186e4bbccfd4996cb3dc -> 
  custom:container-muxer-webm: aa71ff27fc2769a1b78a27578f13a17b -> 
  custom:container-demuxer-webm: 4f35f7cbe854078d1ac9338744f61a02 -> 
  custom:container-demuxer-ogg: 62fdf1f143b41e24485cea50d1cbac27 -> 
  custom:video-encoder-webm-vp8: eb34c28f22e8b96e1ab97ce403110664 -> 
  custom:video-decoder-webm-vp8: 9c59270c3fd7afecdb556c50c9e8de78 -> 
  custom:audio-decoder-ogg-vorbis: bf7c407c2cedff20999df2af8eb42d56 -> 
  custom:audio-encoder-webm-vorbis: bf7c407c2cedff20999df2af8eb42d56 -> 
========================================================================
Received Import Request.
  Time since last request: 16.715142 seconds.
  path: Assets/Custom RP/Shaders/NewBehaviourScript.cs
  artifactKey: Guid(43971eeaf8d1d404281ad989b5ec563b) Importer(815301076,1909f56bfc062723c751e8b465ee728b)
Start importing Assets/Custom RP/Shaders/NewBehaviourScript.cs using Guid(43971eeaf8d1d404281ad989b5ec563b) Importer(815301076,1909f56bfc062723c751e8b465ee728b)  -> (artifact id: 'ee6d0a3cc338326048cf70c2695118da') in 0.016882 seconds 
  Import took 0.020762 seconds .

========================================================================
Received Import Request.
  Time since last request: 6.372476 seconds.
  path: Assets/Custom RP/Shaders/UnlitPass.hlsl.cs
  artifactKey: Guid(43971eeaf8d1d404281ad989b5ec563b) Importer(815301076,1909f56bfc062723c751e8b465ee728b)
Start importing Assets/Custom RP/Shaders/UnlitPass.hlsl.cs using Guid(43971eeaf8d1d404281ad989b5ec563b) Importer(815301076,1909f56bfc062723c751e8b465ee728b)  -> (artifact id: '829ff9497dfd180dfb2b53432aefb864') in 0.010120 seconds 
  Import took 0.014136 seconds .

========================================================================
Received Prepare
Registering precompiled user dll's ...
Registered in 0.007047 seconds.
Begin MonoManager ReloadAssembly
Native extension for WindowsStandalone target not found
Refreshing native plugins compatible for Editor in 0.54 ms, found 2 plugins.
Preloading 0 native plugins for Editor in 0.00 ms.
Mono: successfully reloaded assembly
- Completed reload, in  1.377 seconds
Platform modules already initialized, skipping
Refreshing native plugins compatible for Editor in 0.56 ms, found 2 plugins.
Preloading 0 native plugins for Editor in 0.00 ms.
Unloading 1389 Unused Serialized files (Serialized files now loaded: 0)
System memory in use before: 68.4 MB.
System memory in use after: 68.5 MB.

Unloading 13 unused Assets to reduce memory usage. Loaded Objects now: 1880.
Total: 3.517300 ms (FindLiveObjects: 0.498900 ms CreateObjectMapping: 0.175000 ms MarkObjects: 2.810600 ms  DeleteObjects: 0.030000 ms)

AssetImportParameters requested are different than current active one (requested -> active):
  custom:framework-win-MediaFoundation: 216162199b28c13a410421893ffa2e32 -> 
  custom:video-decoder-ogg-theora: a1e56fd34408186e4bbccfd4996cb3dc -> 
  custom:container-muxer-webm: aa71ff27fc2769a1b78a27578f13a17b -> 
  custom:container-demuxer-webm: 4f35f7cbe854078d1ac9338744f61a02 -> 
  custom:container-demuxer-ogg: 62fdf1f143b41e24485cea50d1cbac27 -> 
  custom:video-encoder-webm-vp8: eb34c28f22e8b96e1ab97ce403110664 -> 
  custom:video-decoder-webm-vp8: 9c59270c3fd7afecdb556c50c9e8de78 -> 
  custom:audio-decoder-ogg-vorbis: bf7c407c2cedff20999df2af8eb42d56 -> 
  custom:audio-encoder-webm-vorbis: bf7c407c2cedff20999df2af8eb42d56 -> 
========================================================================
Received Prepare
Registering precompiled user dll's ...
Registered in 0.007618 seconds.
Begin MonoManager ReloadAssembly
Native extension for WindowsStandalone target not found
Refreshing native plugins compatible for Editor in 0.43 ms, found 2 plugins.
Preloading 0 native plugins for Editor in 0.00 ms.
Mono: successfully reloaded assembly
- Completed reload, in  1.499 seconds
Platform modules already initialized, skipping
Refreshing native plugins compatible for Editor in 0.42 ms, found 2 plugins.
Preloading 0 native plugins for Editor in 0.00 ms.
Unloading 1388 Unused Serialized files (Serialized files now loaded: 0)
System memory in use before: 68.4 MB.
System memory in use after: 68.5 MB.

Unloading 14 unused Assets to reduce memory usage. Loaded Objects now: 1882.
Total: 2.659700 ms (FindLiveObjects: 0.216000 ms CreateObjectMapping: 0.041100 ms MarkObjects: 2.374000 ms  DeleteObjects: 0.026900 ms)

AssetImportParameters requested are different than current active one (requested -> active):
  custom:framework-win-MediaFoundation: 216162199b28c13a410421893ffa2e32 -> 
  custom:video-decoder-ogg-theora: a1e56fd34408186e4bbccfd4996cb3dc -> 
  custom:container-muxer-webm: aa71ff27fc2769a1b78a27578f13a17b -> 
  custom:container-demuxer-webm: 4f35f7cbe854078d1ac9338744f61a02 -> 
  custom:container-demuxer-ogg: 62fdf1f143b41e24485cea50d1cbac27 -> 
  custom:video-encoder-webm-vp8: eb34c28f22e8b96e1ab97ce403110664 -> 
  custom:video-decoder-webm-vp8: 9c59270c3fd7afecdb556c50c9e8de78 -> 
  custom:audio-decoder-ogg-vorbis: bf7c407c2cedff20999df2af8eb42d56 -> 
  custom:audio-encoder-webm-vorbis: bf7c407c2cedff20999df2af8eb42d56 -> 
========================================================================
Received Import Request.
  Time since last request: 74.227133 seconds.
  path: Assets/Custom RP/Shaders/UnlitPass.hlsl.shader
  artifactKey: Guid(17d2b22f6b458e6489a4ca0757c3f18d) Importer(815301076,1909f56bfc062723c751e8b465ee728b)
Start importing Assets/Custom RP/Shaders/UnlitPass.hlsl.shader using Guid(17d2b22f6b458e6489a4ca0757c3f18d) Importer(815301076,1909f56bfc062723c751e8b465ee728b)  -> (artifact id: '2c2270e163e37428bbfa5100a6f31381') in 0.027724 seconds 
  Import took 0.031827 seconds .

========================================================================
Received Import Request.
  Time since last request: 0.009023 seconds.
  path: Assets/Custom RP/Shaders/UnlitPass.hlsl.shader
  artifactKey: Guid(17d2b22f6b458e6489a4ca0757c3f18d) Importer(815301076,1909f56bfc062723c751e8b465ee728b)
Start importing Assets/Custom RP/Shaders/UnlitPass.hlsl.shader using Guid(17d2b22f6b458e6489a4ca0757c3f18d) Importer(815301076,1909f56bfc062723c751e8b465ee728b)  -> (artifact id: '2c2270e163e37428bbfa5100a6f31381') in 0.010750 seconds 
  Import took 0.014364 seconds .

========================================================================
Received Import Request.
  Time since last request: 32.311365 seconds.
  path: Assets/Custom RP/Shaders/UnlitPass.shader
  artifactKey: Guid(c198e7e13f78e6b41bbd7cafa65e01f2) Importer(815301076,1909f56bfc062723c751e8b465ee728b)
Start importing Assets/Custom RP/Shaders/UnlitPass.shader using Guid(c198e7e13f78e6b41bbd7cafa65e01f2) Importer(815301076,1909f56bfc062723c751e8b465ee728b)  -> (artifact id: '50e70e4c248b5ac97365b4b8f57b75d9') in 0.010062 seconds 
  Import took 0.013709 seconds .

========================================================================
Received Import Request.
  Time since last request: 201.942093 seconds.
  path: Assets/Custom RP/ShaderLibrary
  artifactKey: Guid(433b97175ab902947a3ce0b0b5aaf4c8) Importer(815301076,1909f56bfc062723c751e8b465ee728b)
Start importing Assets/Custom RP/ShaderLibrary using Guid(433b97175ab902947a3ce0b0b5aaf4c8) Importer(815301076,1909f56bfc062723c751e8b465ee728b)  -> (artifact id: '369fc2f9714418b1b5feb165cdb1b232') in 0.010239 seconds 
  Import took 0.013783 seconds .

========================================================================
Received Import Request.
  Time since last request: 0.002404 seconds.
  path: Assets/Custom RP/ShaderLibrary
  artifactKey: Guid(433b97175ab902947a3ce0b0b5aaf4c8) Importer(815301076,1909f56bfc062723c751e8b465ee728b)
Start importing Assets/Custom RP/ShaderLibrary using Guid(433b97175ab902947a3ce0b0b5aaf4c8) Importer(815301076,1909f56bfc062723c751e8b465ee728b)  -> (artifact id: '369fc2f9714418b1b5feb165cdb1b232') in 0.008947 seconds 
  Import took 0.013016 seconds .

========================================================================
Received Import Request.
  Time since last request: 11.243958 seconds.
  path: Assets/Custom RP/ShaderLibrary/UnityInput.shader
  artifactKey: Guid(d06e72df8cb0ff54b935953fc0297100) Importer(815301076,1909f56bfc062723c751e8b465ee728b)
Start importing Assets/Custom RP/ShaderLibrary/UnityInput.shader using Guid(d06e72df8cb0ff54b935953fc0297100) Importer(815301076,1909f56bfc062723c751e8b465ee728b)  -> (artifact id: 'e681546afd71138579dab0df46846c21') in 0.010379 seconds 
  Import took 0.013825 seconds .

========================================================================
Received Import Request.
  Time since last request: 67.610787 seconds.
  path: Assets/Custom RP/ShaderLibrary/Common.shader
  artifactKey: Guid(40a9c5a48f5bc99429eb9f255ed39ae9) Importer(815301076,1909f56bfc062723c751e8b465ee728b)
Start importing Assets/Custom RP/ShaderLibrary/Common.shader using Guid(40a9c5a48f5bc99429eb9f255ed39ae9) Importer(815301076,1909f56bfc062723c751e8b465ee728b)  -> (artifact id: '39c4a538dcb2300486538b5dee2cca60') in 0.018616 seconds 
  Import took 0.022185 seconds .

========================================================================
Received Import Request.
  Time since last request: 0.008718 seconds.
  path: Assets/Custom RP/ShaderLibrary/Common.shader
  artifactKey: Guid(40a9c5a48f5bc99429eb9f255ed39ae9) Importer(815301076,1909f56bfc062723c751e8b465ee728b)
Start importing Assets/Custom RP/ShaderLibrary/Common.shader using Guid(40a9c5a48f5bc99429eb9f255ed39ae9) Importer(815301076,1909f56bfc062723c751e8b465ee728b)  -> (artifact id: '39c4a538dcb2300486538b5dee2cca60') in 0.011004 seconds 
  Import took 0.015091 seconds .

========================================================================
Received Import Request.
  Time since last request: 278.557251 seconds.
  path: Assets/Custom RP/ShaderLibrary/Common.hlsl
  artifactKey: Guid(9e2cb2269fdcca740a08cfb7803a9932) Importer(815301076,1909f56bfc062723c751e8b465ee728b)
Start importing Assets/Custom RP/ShaderLibrary/Common.hlsl using Guid(9e2cb2269fdcca740a08cfb7803a9932) Importer(815301076,1909f56bfc062723c751e8b465ee728b)  -> (artifact id: 'c01d090e36b6d7f5b1857ce7324e9fb3') in 0.221139 seconds 
  Import took 0.225402 seconds .

========================================================================
Received Import Request.
  Time since last request: 364.986710 seconds.
  path: Assets/Custom RP/ShaderLibrary/Common.hlsl
  artifactKey: Guid(9e2cb2269fdcca740a08cfb7803a9932) Importer(815301076,1909f56bfc062723c751e8b465ee728b)
Start importing Assets/Custom RP/ShaderLibrary/Common.hlsl using Guid(9e2cb2269fdcca740a08cfb7803a9932) Importer(815301076,1909f56bfc062723c751e8b465ee728b)  -> (artifact id: 'f92a679801577fbfe65f92c0842f963b') in 0.010986 seconds 
  Import took 0.015400 seconds .

========================================================================
Received Import Request.
  Time since last request: 0.013913 seconds.
  path: Assets/Custom RP/ShaderLibrary/Common.hlsl
  artifactKey: Guid(9e2cb2269fdcca740a08cfb7803a9932) Importer(815301076,1909f56bfc062723c751e8b465ee728b)
Start importing Assets/Custom RP/ShaderLibrary/Common.hlsl using Guid(9e2cb2269fdcca740a08cfb7803a9932) Importer(815301076,1909f56bfc062723c751e8b465ee728b)  -> (artifact id: 'f92a679801577fbfe65f92c0842f963b') in 0.009641 seconds 
  Import took 0.013238 seconds .

AssetImportWorkerClient::OnTransportError - code=2 error=End of file
